[19:49:22] [main/INFO]: Loading Minecraft 1.21.1 with Fabric Loader 0.16.3
[19:49:23] [main/INFO]: Loading 4 mods:
	- fabricloader 0.16.3
	   \-- mixinextras 0.4.1
	- java 21
	- minecraft 1.21.1
[19:49:23] [main/INFO]: SpongePowered MIXIN Subsystem Version=0.8.7 Source=file:/workspaces/serverpoke/servidor_minecraft/libraries/net/fabricmc/sponge-mixin/0.15.2+mixin.0.8.7/sponge-mixin-0.15.2+mixin.0.8.7.jar Service=Knot/Fabric Env=SERVER
[19:49:28] [main/INFO]: Environment: Environment[sessionHost=https://sessionserver.mojang.com, servicesHost=https://api.minecraftservices.com, name=PROD]
[19:49:29] [main/INFO]: No existing world data, creating new world
[19:49:29] [main/WARN]: Failed to parse level-type byg:overworld, defaulting to minecraft:normal
[19:49:30] [main/INFO]: Loaded 1290 recipes
[19:49:31] [main/INFO]: Loaded 1399 advancements
[19:49:31] [Server thread/INFO]: Starting minecraft server version 1.21.1
[19:49:31] [Server thread/INFO]: Loading properties
[19:49:31] [Server thread/INFO]: Default game type: SURVIVAL
[19:49:31] [Server thread/INFO]: Generating keypair
[19:49:31] [Server thread/INFO]: Starting Minecraft server on *:25565
[19:49:31] [Server thread/INFO]: Using epoll channel type
[19:49:31] [Server thread/WARN]: **** SERVER IS RUNNING IN OFFLINE/INSECURE MODE!
[19:49:31] [Server thread/WARN]: The server will make no attempt to authenticate usernames. Beware.
[19:49:31] [Server thread/WARN]: While this makes the game possible to play without internet access, it also opens up the ability for hackers to connect with any username they choose.
[19:49:31] [Server thread/WARN]: To change this, set "online-mode" to "true" in the server.properties file.
[19:49:31] [Server thread/INFO]: Preparing level "world"
[19:49:36] [Server thread/INFO]: Preparing start region for dimension minecraft:overworld
[19:49:37] [Worker-Main-3/INFO]: Preparing spawn area: 2%
[19:49:37] [Worker-Main-1/INFO]: Preparing spawn area: 2%
[19:49:37] [Worker-Main-3/INFO]: Preparing spawn area: 2%
[19:49:38] [Worker-Main-1/INFO]: Preparing spawn area: 2%
[19:49:39] [Worker-Main-3/INFO]: Preparing spawn area: 18%
[19:49:39] [Worker-Main-2/INFO]: Preparing spawn area: 18%
[19:49:39] [Worker-Main-1/INFO]: Preparing spawn area: 18%
[19:49:40] [Worker-Main-1/INFO]: Preparing spawn area: 24%
[19:49:40] [Worker-Main-3/INFO]: Preparing spawn area: 51%
[19:49:41] [Worker-Main-2/INFO]: Preparing spawn area: 51%
[19:49:41] [Server thread/INFO]: Time elapsed: 4976 ms
[19:49:41] [Server thread/INFO]: Done (10.140s)! For help, type "help"
[19:50:42] [Server thread/INFO]: joselete123[/127.106.113.22:49575] logged in with entity id 19 at (21.5, 66.0, 19.5)
[19:50:42] [Server thread/INFO]: joselete123 joined the game
[19:55:28] [Server thread/INFO]: Made joselete123 a server operator
[19:56:09] [Server thread/INFO]: joselete123 lost connection: Disconnected
[19:56:09] [Server thread/INFO]: joselete123 left the game
[19:56:15] [Server thread/INFO]: joselete123[/127.106.113.22:55899] logged in with entity id 890 at (59.08046740716145, 69.0, -54.86293737568579)
[19:56:15] [Server thread/INFO]: joselete123 joined the game
[19:56:21] [Server thread/INFO]: joselete123 lost connection: Disconnected
[19:56:21] [Server thread/INFO]: joselete123 left the game
[19:57:15] [Server thread/INFO]: Unknown or incomplete command, see below for error
[19:57:15] [Server thread/INFO]: pokegive<--[HERE]
[19:58:23] [Server thread/INFO]: joselete123[/127.106.113.22:40085] logged in with entity id 1031 at (59.08046740716145, 69.0, -54.86293737568579)
[19:58:23] [Server thread/INFO]: joselete123 joined the game
